1712605571394	geckodriver	INFO	Listening on 127.0.0.1:46157
1712605571488	mozrunner::runner	INFO	Running command: MOZ_CRASHREPORTER="1" MOZ_CRASHREPORTER_NO_REPORT="1" MOZ_CRASHREPORTER_SHUTDOWN="1" MOZ_NO_REMOTE="1" "/usr ... ss" "--remote-debugging-port" "53231" "--remote-allow-hosts" "localhost" "-no-remote" "-profile" "/tmp/rust_mozprofileFqBiHz"
*** You are running in headless mode.
console.warn: services.settings: Ignoring preference override of remote settings server
console.warn: services.settings: Allow by setting MOZ_REMOTE_SETTINGS_DEVTOOLS=1 in the environment
1712605572228	Marionette	INFO	Marionette enabled
1712605572426	Marionette	INFO	Listening on port 39395
WebDriver BiDi listening on ws://127.0.0.1:53231
Read port: 39395
1712605572907	RemoteAgent	WARN	TLS certificate errors will be ignored for this session
[GFX1-]: RenderCompositorSWGL failed mapping default framebuffer, no dt
console.error: ({})
DevTools listening on ws://127.0.0.1:53231/devtools/browser/43e94640-9c52-410e-8791-8ce6ae27f021
1712605575888	geckodriver	INFO	Listening on 127.0.0.1:55049
1712605576058	mozrunner::runner	INFO	Running command: MOZ_CRASHREPORTER="1" MOZ_CRASHREPORTER_NO_REPORT="1" MOZ_CRASHREPORTER_SHUTDOWN="1" MOZ_NO_REMOTE="1" "/usr ... ss" "--remote-debugging-port" "39917" "--remote-allow-hosts" "localhost" "-no-remote" "-profile" "/tmp/rust_mozprofileFle6CE"
*** You are running in headless mode.
console.warn: services.settings: Ignoring preference override of remote settings server
console.warn: services.settings: Allow by setting MOZ_REMOTE_SETTINGS_DEVTOOLS=1 in the environment
1712605577154	Marionette	INFO	Marionette enabled
1712605577352	Marionette	INFO	Listening on port 40459
Read port: 40459
WebDriver BiDi listening on ws://127.0.0.1:39917
1712605577561	RemoteAgent	WARN	TLS certificate errors will be ignored for this session
[GFX1-]: RenderCompositorSWGL failed mapping default framebuffer, no dt
console.error: ({})
JavaScript warning: https://static.xx.fbcdn.net/rsrc.php/v3ihVQ4/yl/l/en_US/QHboYVclAZ2.js?_nc_x=Ij3Wp8lg5Kz, line 21: WEBGL_debug_renderer_info is deprecated in Firefox and will be removed. Please use RENDERER.
DevTools listening on ws://127.0.0.1:39917/devtools/browser/bc812e22-4dff-4967-b634-8ce7df6deda9
1712605582061	geckodriver	INFO	Listening on 127.0.0.1:44781
1712605582237	mozrunner::runner	INFO	Running command: MOZ_CRASHREPORTER="1" MOZ_CRASHREPORTER_NO_REPORT="1" MOZ_CRASHREPORTER_SHUTDOWN="1" MOZ_NO_REMOTE="1" "/usr ... ss" "--remote-debugging-port" "54777" "--remote-allow-hosts" "localhost" "-no-remote" "-profile" "/tmp/rust_mozprofileJUyFhj"
*** You are running in headless mode.
console.warn: services.settings: Ignoring preference override of remote settings server
console.warn: services.settings: Allow by setting MOZ_REMOTE_SETTINGS_DEVTOOLS=1 in the environment
1712605583067	Marionette	INFO	Marionette enabled
1712605583296	Marionette	INFO	Listening on port 45649
Read port: 45649
WebDriver BiDi listening on ws://127.0.0.1:54777
1712605583752	RemoteAgent	WARN	TLS certificate errors will be ignored for this session
JavaScript warning: https://static.xx.fbcdn.net/rsrc.php/v3i_Ou4/y5/l/en_GB/QHboYVclAZ2.js?_nc_x=Ij3Wp8lg5Kz, line 21: WEBGL_debug_renderer_info is deprecated in Firefox and will be removed. Please use RENDERER.
[GFX1-]: RenderCompositorSWGL failed mapping default framebuffer, no dt
console.error: ({})
JavaScript warning: https://static.xx.fbcdn.net/rsrc.php/v3ihVQ4/yl/l/en_US/QHboYVclAZ2.js?_nc_x=Ij3Wp8lg5Kz, line 21: WEBGL_debug_renderer_info is deprecated in Firefox and will be removed. Please use RENDERER.
DevTools listening on ws://127.0.0.1:54777/devtools/browser/b87cf3ae-f311-4d86-8687-17ae2e5074c6
1712605589081	geckodriver	INFO	Listening on 127.0.0.1:38087
1712605589761	mozrunner::runner	INFO	Running command: MOZ_CRASHREPORTER="1" MOZ_CRASHREPORTER_NO_REPORT="1" MOZ_CRASHREPORTER_SHUTDOWN="1" MOZ_NO_REMOTE="1" "/usr ... ss" "--remote-debugging-port" "34177" "--remote-allow-hosts" "localhost" "-no-remote" "-profile" "/tmp/rust_mozprofileo6TPhY"
*** You are running in headless mode.
console.warn: services.settings: Ignoring preference override of remote settings server
console.warn: services.settings: Allow by setting MOZ_REMOTE_SETTINGS_DEVTOOLS=1 in the environment
1712605591299	Marionette	INFO	Marionette enabled
1712605591601	Marionette	INFO	Listening on port 35229
WebDriver BiDi listening on ws://127.0.0.1:34177
Read port: 35229
1712605592088	RemoteAgent	WARN	TLS certificate errors will be ignored for this session
[GFX1-]: RenderCompositorSWGL failed mapping default framebuffer, no dt
console.error: ({})
DevTools listening on ws://127.0.0.1:34177/devtools/browser/8a1c4324-70af-45bb-90ad-f1eebdee710b
1712605595497	geckodriver	INFO	Listening on 127.0.0.1:37927
1712605596306	mozrunner::runner	INFO	Running command: MOZ_CRASHREPORTER="1" MOZ_CRASHREPORTER_NO_REPORT="1" MOZ_CRASHREPORTER_SHUTDOWN="1" MOZ_NO_REMOTE="1" "/usr ... ss" "--remote-debugging-port" "59563" "--remote-allow-hosts" "localhost" "-no-remote" "-profile" "/tmp/rust_mozprofile0GxRzP"
*** You are running in headless mode.
console.warn: services.settings: Ignoring preference override of remote settings server
console.warn: services.settings: Allow by setting MOZ_REMOTE_SETTINGS_DEVTOOLS=1 in the environment
JavaScript warning: https://static.xx.fbcdn.net/rsrc.php/v3i_Ou4/y5/l/en_GB/QHboYVclAZ2.js?_nc_x=Ij3Wp8lg5Kz, line 21: WEBGL_debug_renderer_info is deprecated in Firefox and will be removed. Please use RENDERER.
JavaScript warning: https://static.xx.fbcdn.net/rsrc.php/v3i_Ou4/y5/l/en_GB/QHboYVclAZ2.js?_nc_x=Ij3Wp8lg5Kz, line 21: WEBGL_debug_renderer_info is deprecated in Firefox and will be removed. Please use RENDERER.
1712605598297	Marionette	INFO	Marionette enabled
1712605598595	Marionette	INFO	Listening on port 33325
Read port: 33325
WebDriver BiDi listening on ws://127.0.0.1:59563
1712605598858	RemoteAgent	WARN	TLS certificate errors will be ignored for this session
JavaScript warning: https://static.xx.fbcdn.net/rsrc.php/v3i_Ou4/y5/l/en_GB/QHboYVclAZ2.js?_nc_x=Ij3Wp8lg5Kz, line 21: WEBGL_debug_renderer_info is deprecated in Firefox and will be removed. Please use RENDERER.
[GFX1-]: RenderCompositorSWGL failed mapping default framebuffer, no dt
console.error: ({})
console.error: "update.locale" " file doesn't exist in either the application or GRE directories"
1712605602260	addons.xpi	ERROR	System addon update list error SyntaxError: The URI is malformed.
JavaScript warning: https://static.xx.fbcdn.net/rsrc.php/v3i_Ou4/y5/l/en_GB/QHboYVclAZ2.js?_nc_x=Ij3Wp8lg5Kz, line 21: WEBGL_debug_renderer_info is deprecated in Firefox and will be removed. Please use RENDERER.
DevTools listening on ws://127.0.0.1:59563/devtools/browser/21a24933-90cc-4b0a-8bc0-46c5a29b4624
1712605604922	geckodriver	INFO	Listening on 127.0.0.1:59729
1712605605232	mozrunner::runner	INFO	Running command: MOZ_CRASHREPORTER="1" MOZ_CRASHREPORTER_NO_REPORT="1" MOZ_CRASHREPORTER_SHUTDOWN="1" MOZ_NO_REMOTE="1" "/usr ... ss" "--remote-debugging-port" "34841" "--remote-allow-hosts" "localhost" "-no-remote" "-profile" "/tmp/rust_mozprofilevwidi4"
*** You are running in headless mode.
console.warn: services.settings: Ignoring preference override of remote settings server
console.warn: services.settings: Allow by setting MOZ_REMOTE_SETTINGS_DEVTOOLS=1 in the environment
console.error: "update.locale" " file doesn't exist in either the application or GRE directories"
1712605607506	addons.xpi	ERROR	System addon update list error SyntaxError: The URI is malformed.
1712605608274	Marionette	INFO	Marionette enabled
1712605608962	Marionette	INFO	Listening on port 38431
WebDriver BiDi listening on ws://127.0.0.1:34841
Read port: 38431
1712605609558	RemoteAgent	WARN	TLS certificate errors will be ignored for this session
JavaScript warning: https://static.xx.fbcdn.net/rsrc.php/v3i_Ou4/y5/l/en_GB/QHboYVclAZ2.js?_nc_x=Ij3Wp8lg5Kz, line 21: WEBGL_debug_renderer_info is deprecated in Firefox and will be removed. Please use RENDERER.
[GFX1-]: RenderCompositorSWGL failed mapping default framebuffer, no dt
console.error: "update.locale" " file doesn't exist in either the application or GRE directories"
1712605613090	addons.xpi	ERROR	System addon update list error SyntaxError: The URI is malformed.
console.error: ({})
JavaScript warning: https://static.xx.fbcdn.net/rsrc.php/v3ihVQ4/yl/l/en_US/QHboYVclAZ2.js?_nc_x=Ij3Wp8lg5Kz, line 21: WEBGL_debug_renderer_info is deprecated in Firefox and will be removed. Please use RENDERER.
JavaScript warning: https://static.xx.fbcdn.net/rsrc.php/v3i_Ou4/y5/l/en_GB/QHboYVclAZ2.js?_nc_x=Ij3Wp8lg5Kz, line 21: WEBGL_debug_renderer_info is deprecated in Firefox and will be removed. Please use RENDERER.
JavaScript warning: https://static.xx.fbcdn.net/rsrc.php/v3ihVQ4/yl/l/en_US/QHboYVclAZ2.js?_nc_x=Ij3Wp8lg5Kz, line 21: WEBGL_debug_renderer_info is deprecated in Firefox and will be removed. Please use RENDERER.
JavaScript warning: https://static.xx.fbcdn.net/rsrc.php/v3ihVQ4/yl/l/en_US/QHboYVclAZ2.js?_nc_x=Ij3Wp8lg5Kz, line 21: WEBGL_debug_renderer_info is deprecated in Firefox and will be removed. Please use RENDERER.
DevTools listening on ws://127.0.0.1:34841/devtools/browser/33969224-7606-4b05-bab0-83da656879e8
1712605620092	geckodriver	INFO	Listening on 127.0.0.1:49755
1712605620869	mozrunner::runner	INFO	Running command: MOZ_CRASHREPORTER="1" MOZ_CRASHREPORTER_NO_REPORT="1" MOZ_CRASHREPORTER_SHUTDOWN="1" MOZ_NO_REMOTE="1" "/usr ... ss" "--remote-debugging-port" "52487" "--remote-allow-hosts" "localhost" "-no-remote" "-profile" "/tmp/rust_mozprofileNBopCq"
*** You are running in headless mode.
console.error: "update.locale" " file doesn't exist in either the application or GRE directories"
1712605621322	addons.xpi	ERROR	System addon update list error SyntaxError: The URI is malformed.
console.warn: services.settings: Ignoring preference override of remote settings server
console.warn: services.settings: Allow by setting MOZ_REMOTE_SETTINGS_DEVTOOLS=1 in the environment
1712605624818	Marionette	INFO	Marionette enabled
JavaScript warning: https://static.xx.fbcdn.net/rsrc.php/v3i_Ou4/y5/l/en_GB/QHboYVclAZ2.js?_nc_x=Ij3Wp8lg5Kz, line 21: WEBGL_debug_renderer_info is deprecated in Firefox and will be removed. Please use RENDERER.
1712605625456	Marionette	INFO	Listening on port 43197
Read port: 43197
WebDriver BiDi listening on ws://127.0.0.1:52487
1712605626541	RemoteAgent	WARN	TLS certificate errors will be ignored for this session
JavaScript warning: https://static.xx.fbcdn.net/rsrc.php/v3i_Ou4/y5/l/en_GB/QHboYVclAZ2.js?_nc_x=Ij3Wp8lg5Kz, line 21: WEBGL_debug_renderer_info is deprecated in Firefox and will be removed. Please use RENDERER.
console.error: "update.locale" " file doesn't exist in either the application or GRE directories"
1712605628446	addons.xpi	ERROR	System addon update list error SyntaxError: The URI is malformed.
[GFX1-]: RenderCompositorSWGL failed mapping default framebuffer, no dt
JavaScript warning: https://static.xx.fbcdn.net/rsrc.php/v3ihVQ4/yl/l/en_US/QHboYVclAZ2.js?_nc_x=Ij3Wp8lg5Kz, line 21: WEBGL_debug_renderer_info is deprecated in Firefox and will be removed. Please use RENDERER.
console.error: ({})
JavaScript warning: https://static.xx.fbcdn.net/rsrc.php/v3ihVQ4/yl/l/en_US/QHboYVclAZ2.js?_nc_x=Ij3Wp8lg5Kz, line 21: WEBGL_debug_renderer_info is deprecated in Firefox and will be removed. Please use RENDERER.
JavaScript warning: https://static.xx.fbcdn.net/rsrc.php/v3ihVQ4/yl/l/en_US/QHboYVclAZ2.js?_nc_x=Ij3Wp8lg5Kz, line 21: WEBGL_debug_renderer_info is deprecated in Firefox and will be removed. Please use RENDERER.
console.error: "update.locale" " file doesn't exist in either the application or GRE directories"
1712605638317	addons.xpi	ERROR	System addon update list error SyntaxError: The URI is malformed.
DevTools listening on ws://127.0.0.1:52487/devtools/browser/1b7e40c4-d86f-4561-9e15-00ae4e97856d
JavaScript warning: https://static.xx.fbcdn.net/rsrc.php/v3i_Ou4/y5/l/en_GB/QHboYVclAZ2.js?_nc_x=Ij3Wp8lg5Kz, line 21: WEBGL_debug_renderer_info is deprecated in Firefox and will be removed. Please use RENDERER.
1712605640671	geckodriver	INFO	Listening on 127.0.0.1:32835
1712605641112	mozrunner::runner	INFO	Running command: MOZ_CRASHREPORTER="1" MOZ_CRASHREPORTER_NO_REPORT="1" MOZ_CRASHREPORTER_SHUTDOWN="1" MOZ_NO_REMOTE="1" "/usr ... ss" "--remote-debugging-port" "53205" "--remote-allow-hosts" "localhost" "-no-remote" "-profile" "/tmp/rust_mozprofiletWDlNj"
*** You are running in headless mode.
console.warn: services.settings: Ignoring preference override of remote settings server
console.warn: services.settings: Allow by setting MOZ_REMOTE_SETTINGS_DEVTOOLS=1 in the environment
1712605646319	Marionette	INFO	Marionette enabled
JavaScript warning: https://static.xx.fbcdn.net/rsrc.php/v3i_Ou4/y5/l/en_GB/QHboYVclAZ2.js?_nc_x=Ij3Wp8lg5Kz, line 21: WEBGL_debug_renderer_info is deprecated in Firefox and will be removed. Please use RENDERER.
1712605647701	Marionette	INFO	Listening on port 35117
Read port: 35117
WebDriver BiDi listening on ws://127.0.0.1:53205
1712605648522	RemoteAgent	WARN	TLS certificate errors will be ignored for this session
JavaScript warning: https://static.xx.fbcdn.net/rsrc.php/v3i_Ou4/y5/l/en_GB/QHboYVclAZ2.js?_nc_x=Ij3Wp8lg5Kz, line 21: WEBGL_debug_renderer_info is deprecated in Firefox and will be removed. Please use RENDERER.
JavaScript warning: https://static.xx.fbcdn.net/rsrc.php/v3i_Ou4/y5/l/en_GB/QHboYVclAZ2.js?_nc_x=Ij3Wp8lg5Kz, line 21: WEBGL_debug_renderer_info is deprecated in Firefox and will be removed. Please use RENDERER.
[GFX1-]: RenderCompositorSWGL failed mapping default framebuffer, no dt
console.error: ({})
console.error: "update.locale" " file doesn't exist in either the application or GRE directories"
1712605654830	addons.xpi	ERROR	System addon update list error SyntaxError: The URI is malformed.
JavaScript warning: https://static.xx.fbcdn.net/rsrc.php/v3i_Ou4/y5/l/en_GB/QHboYVclAZ2.js?_nc_x=Ij3Wp8lg5Kz, line 21: WEBGL_debug_renderer_info is deprecated in Firefox and will be removed. Please use RENDERER.
JavaScript warning: https://static.xx.fbcdn.net/rsrc.php/v3i_Ou4/y5/l/en_GB/QHboYVclAZ2.js?_nc_x=Ij3Wp8lg5Kz, line 21: WEBGL_debug_renderer_info is deprecated in Firefox and will be removed. Please use RENDERER.
JavaScript warning: https://static.xx.fbcdn.net/rsrc.php/v3i_Ou4/y5/l/en_GB/QHboYVclAZ2.js?_nc_x=Ij3Wp8lg5Kz, line 21: WEBGL_debug_renderer_info is deprecated in Firefox and will be removed. Please use RENDERER.
DevTools listening on ws://127.0.0.1:53205/devtools/browser/7a4b9c3c-eede-4792-ae1c-51240c6dd05f
1712605660214	geckodriver	INFO	Listening on 127.0.0.1:44317
1712605660479	mozrunner::runner	INFO	Running command: MOZ_CRASHREPORTER="1" MOZ_CRASHREPORTER_NO_REPORT="1" MOZ_CRASHREPORTER_SHUTDOWN="1" MOZ_NO_REMOTE="1" "/usr ... ss" "--remote-debugging-port" "48145" "--remote-allow-hosts" "localhost" "-no-remote" "-profile" "/tmp/rust_mozprofileaBujmg"
*** You are running in headless mode.
console.warn: services.settings: Ignoring preference override of remote settings server
console.warn: services.settings: Allow by setting MOZ_REMOTE_SETTINGS_DEVTOOLS=1 in the environment
JavaScript warning: https://static.xx.fbcdn.net/rsrc.php/v3i_Ou4/y5/l/en_GB/QHboYVclAZ2.js?_nc_x=Ij3Wp8lg5Kz, line 21: WEBGL_debug_renderer_info is deprecated in Firefox and will be removed. Please use RENDERER.
1712605664776	Marionette	INFO	Marionette enabled
JavaScript warning: https://static.xx.fbcdn.net/rsrc.php/v3i_Ou4/y5/l/en_GB/QHboYVclAZ2.js?_nc_x=Ij3Wp8lg5Kz, line 21: WEBGL_debug_renderer_info is deprecated in Firefox and will be removed. Please use RENDERER.
JavaScript warning: https://static.xx.fbcdn.net/rsrc.php/v3i_Ou4/y5/l/en_GB/QHboYVclAZ2.js?_nc_x=Ij3Wp8lg5Kz, line 21: WEBGL_debug_renderer_info is deprecated in Firefox and will be removed. Please use RENDERER.
1712605665401	Marionette	INFO	Listening on port 41861
Read port: 41861
WebDriver BiDi listening on ws://127.0.0.1:48145
1712605666086	RemoteAgent	WARN	TLS certificate errors will be ignored for this session
JavaScript warning: https://static.xx.fbcdn.net/rsrc.php/v3i_Ou4/y5/l/en_GB/QHboYVclAZ2.js?_nc_x=Ij3Wp8lg5Kz, line 21: WEBGL_debug_renderer_info is deprecated in Firefox and will be removed. Please use RENDERER.
[GFX1-]: RenderCompositorSWGL failed mapping default framebuffer, no dt
console.error: ({})
Exiting due to channel error.
Exiting due to channel error.
Exiting due to channel error.
Exiting due to channel error.
Exiting due to channel error.
Exiting due to channel error.
Exiting due to channel error.
Exiting due to channel error.
Exiting due to channel error.
Exiting due to channel error.
Exiting due to channel error.
Exiting due to channel error.
Exiting due to channel error.
Exiting due to channel error.
Exiting due to channel error.
Exiting due to channel error.
Exiting due to channel error.
Exiting due to channel error.
Exiting due to channel error.
Exiting due to channel error.
Exiting due to channel error.
Exiting due to channel error.
Exiting due to channel error.
Exiting due to channel error.
Exiting due to channel error.
Exiting due to channel error.
Exiting due to channel error.
Exiting due to channel error.
Exiting due to channel error.
Exiting due to channel error.
Exiting due to channel error.
Exiting due to channel error.
Exiting due to channel error.
Exiting due to channel error.
Exiting due to channel error.
Exiting due to channel error.
Exiting due to channel error.
Exiting due to channel error.
Exiting due to channel error.
Exiting due to channel error.
Exiting due to channel error.
Exiting due to channel error.
Exiting due to channel error.
Exiting due to channel error.
Exiting due to channel error.
